<?xml version="1.0" encoding="utf-8"?><testsuites><testsuite name="pytest" errors="0" failures="0" skipped="4" tests="4" time="2.405" timestamp="2025-04-28T15:17:01.583770" hostname="MacBook-Pro"><testcase classname="tests.post_deploy.test_fetch_patches" name="test_fetch_patches_lambda_exists" time="0.658"><skipped type="pytest.skip" message="AWS credentials are not valid. Configure valid credentials to run this test.">/Users/teg/Code/lkml-assistant/tests/post_deploy/test_fetch_patches.py:28: AWS credentials are not valid. Configure valid credentials to run this test.</skipped></testcase><testcase classname="tests.post_deploy.test_fetch_patches" name="test_fetch_patches_smoke_test" time="0.566"><skipped type="pytest.skip" message="AWS credentials are not valid. Configure valid credentials to run this test.">/Users/teg/Code/lkml-assistant/tests/post_deploy/test_fetch_patches.py:53: AWS credentials are not valid. Configure valid credentials to run this test.</skipped></testcase><testcase classname="tests.post_deploy.test_fetch_patches" name="test_patches_table_exists" time="0.541"><skipped type="pytest.skip" message="AWS credentials are not valid. Configure valid credentials to run this test.">/Users/teg/Code/lkml-assistant/tests/post_deploy/test_fetch_patches.py:92: AWS credentials are not valid. Configure valid credentials to run this test.</skipped></testcase><testcase classname="tests.post_deploy.test_fetch_patches" name="test_fetch_and_store" time="0.564"><skipped type="pytest.skip" message="AWS credentials are not valid. Configure valid credentials to run this test.">/Users/teg/Code/lkml-assistant/tests/post_deploy/test_fetch_patches.py:111: AWS credentials are not valid. Configure valid credentials to run this test.</skipped></testcase></testsuite></testsuites>