<?xml version="1.0" encoding="utf-8"?><testsuites><testsuite name="pytest" errors="0" failures="0" skipped="0" tests="4" time="4.521" timestamp="2025-04-28T15:44:49.816404" hostname="MacBook-Pro"><testcase classname="tests.post_deploy.test_fetch_patches" name="test_fetch_patches_lambda_exists" time="1.045" /><testcase classname="tests.post_deploy.test_fetch_patches" name="test_fetch_patches_smoke_test" time="1.057" /><testcase classname="tests.post_deploy.test_fetch_patches" name="test_patches_table_exists" time="0.908" /><testcase classname="tests.post_deploy.test_fetch_patches" name="test_fetch_and_store" time="1.392" /></testsuite></testsuites>